0 info it worked if it ends with ok
1 verbose cli [ '/usr/local/bin/node', '/usr/local/bin/npm', 'start' ]
2 info using npm@3.3.12
3 info using node@v5.2.0
4 verbose run-script [ 'prestart', 'start', 'poststart' ]
5 info lifecycle nearsoft-front-end-pair-programming@~prestart: nearsoft-front-end-pair-programming@
6 silly lifecycle nearsoft-front-end-pair-programming@~prestart: no script for prestart, continuing
7 info lifecycle nearsoft-front-end-pair-programming@~start: nearsoft-front-end-pair-programming@
8 verbose lifecycle nearsoft-front-end-pair-programming@~start: unsafe-perm in lifecycle true
9 verbose lifecycle nearsoft-front-end-pair-programming@~start: PATH: /usr/local/lib/node_modules/npm/bin/node-gyp-bin:/Users/multiplica/Sites/nearsoft-front-end-pair-programming (2016-02-26)/node_modules/.bin:/usr/local/bin:/usr/bin:/bin:/usr/sbin:/sbin:/usr/local/mysql/bin
10 verbose lifecycle nearsoft-front-end-pair-programming@~start: CWD: /Users/multiplica/Sites/nearsoft-front-end-pair-programming (2016-02-26)
11 silly lifecycle nearsoft-front-end-pair-programming@~start: Args: [ '-c', './lib/index.js' ]
12 silly lifecycle nearsoft-front-end-pair-programming@~start: Returned: code: 1  signal: null
13 info lifecycle nearsoft-front-end-pair-programming@~start: Failed to exec start script
14 verbose stack Error: nearsoft-front-end-pair-programming@ start: `./lib/index.js`
14 verbose stack Exit status 1
14 verbose stack     at EventEmitter.<anonymous> (/usr/local/lib/node_modules/npm/lib/utils/lifecycle.js:232:16)
14 verbose stack     at emitTwo (events.js:88:13)
14 verbose stack     at EventEmitter.emit (events.js:173:7)
14 verbose stack     at ChildProcess.<anonymous> (/usr/local/lib/node_modules/npm/lib/utils/spawn.js:24:14)
14 verbose stack     at emitTwo (events.js:88:13)
14 verbose stack     at ChildProcess.emit (events.js:173:7)
14 verbose stack     at maybeClose (internal/child_process.js:819:16)
14 verbose stack     at Process.ChildProcess._handle.onexit (internal/child_process.js:212:5)
15 verbose pkgid nearsoft-front-end-pair-programming@
16 verbose cwd /Users/multiplica/Sites/nearsoft-front-end-pair-programming (2016-02-26)
17 error Darwin 15.3.0
18 error argv "/usr/local/bin/node" "/usr/local/bin/npm" "start"
19 error node v5.2.0
20 error npm  v3.3.12
21 error code ELIFECYCLE
22 error nearsoft-front-end-pair-programming@ start: `./lib/index.js`
22 error Exit status 1
23 error Failed at the nearsoft-front-end-pair-programming@ start script './lib/index.js'.
23 error Make sure you have the latest version of node.js and npm installed.
23 error If you do, this is most likely a problem with the nearsoft-front-end-pair-programming package,
23 error not with npm itself.
23 error Tell the author that this fails on your system:
23 error     ./lib/index.js
23 error You can get their info via:
23 error     npm owner ls nearsoft-front-end-pair-programming
23 error There is likely additional logging output above.
24 verbose exit [ 1, true ]
